# JRE version: Java(TM) SE Runtime Environment (8.0_101-b13) (build 1.8.0_101-b13)
# Java VM: Java HotSpot(TM) Server VM (25.101-b13 mixed mode linux-x86 )
Heap:
 PSYoungGen      total 146432K, used 15095K [0x91ac0000, 0x9ba40000, 0xa7000000)
  eden space 131328K, 0% used [0x91ac0000,0x91ac0000,0x99b00000)
  from space 15104K, 99% used [0x99b00000,0x9a9bdf00,0x9a9c0000)
  to   space 13312K, 0% used [0x9a9c0000,0x9a9c0000,0x9b6c0000)
 ParOldGen       total 43776K, used 40220K [0x67000000, 0x69ac0000, 0x91ac0000)
  object space 43776K, 91% used [0x67000000,0x697471a0,0x69ac0000)
 Metaspace       used 4065K, capacity 4102K, committed 4120K, reserved 4400K
GC Heap History (10 events):
Event: 3,996 GC heap after
Heap after GC invocations=2 (full 0):
 PSYoungGen      total 35840K, used 2559K [0x91ac0000, 0x94040000, 0xa7000000)
  eden space 33280K, 0% used [0x91ac0000,0x91ac0000,0x93b40000)
  from space 2560K, 99% used [0x93dc0000,0x9403fe80,0x94040000)
  to   space 2560K, 0% used [0x93b40000,0x93b40000,0x93dc0000)
 ParOldGen       total 43776K, used 4329K [0x67000000, 0x69ac0000, 0x91ac0000)
  object space 43776K, 9% used [0x67000000,0x6743a490,0x69ac0000)
 Metaspace       used 3690K, capacity 3718K, committed 3736K, reserved 4400K
}
Event: 4,723 GC heap before
{Heap before GC invocations=3 (full 0):
 PSYoungGen      total 35840K, used 35839K [0x91ac0000, 0x94040000, 0xa7000000)
  eden space 33280K, 100% used [0x91ac0000,0x93b40000,0x93b40000)
  from space 2560K, 99% used [0x93dc0000,0x9403fe80,0x94040000)
  to   space 2560K, 0% used [0x93b40000,0x93b40000,0x93dc0000)
 ParOldGen       total 43776K, used 4329K [0x67000000, 0x69ac0000, 0x91ac0000)
  object space 43776K, 9% used [0x67000000,0x6743a490,0x69ac0000)
 Metaspace       used 3803K, capacity 3846K, committed 3864K, reserved 4400K
Event: 4,831 GC heap after
Heap after GC invocations=3 (full 0):
 PSYoungGen      total 35840K, used 2556K [0x91ac0000, 0x960c0000, 0xa7000000)
  eden space 33280K, 0% used [0x91ac0000,0x91ac0000,0x93b40000)
  from space 2560K, 99% used [0x93b40000,0x93dbf0f0,0x93dc0000)
  to   space 2560K, 0% used [0x95e40000,0x95e40000,0x960c0000)
 ParOldGen       total 43776K, used 9886K [0x67000000, 0x69ac0000, 0x91ac0000)
  object space 43776K, 22% used [0x67000000,0x679a7910,0x69ac0000)
 Metaspace       used 3803K, capacity 3846K, committed 3864K, reserved 4400K
}
Event: 5,411 GC heap before
{Heap before GC invocations=4 (full 0):
 PSYoungGen      total 35840K, used 35836K [0x91ac0000, 0x960c0000, 0xa7000000)
  eden space 33280K, 100% used [0x91ac0000,0x93b40000,0x93b40000)
  from space 2560K, 99% used [0x93b40000,0x93dbf0f0,0x93dc0000)
  to   space 2560K, 0% used [0x95e40000,0x95e40000,0x960c0000)
 ParOldGen       total 43776K, used 9886K [0x67000000, 0x69ac0000, 0x91ac0000)
  object space 43776K, 22% used [0x67000000,0x679a7910,0x69ac0000)
 Metaspace       used 3854K, capacity 3878K, committed 3992K, reserved 4400K
Event: 5,480 GC heap after
Heap after GC invocations=4 (full 0):
 PSYoungGen      total 69120K, used 2549K [0x91ac0000, 0x960c0000, 0xa7000000)
  eden space 66560K, 0% used [0x91ac0000,0x91ac0000,0x95bc0000)
  from space 2560K, 99% used [0x95e40000,0x960bd7d0,0x960c0000)
  to   space 2560K, 0% used [0x95bc0000,0x95bc0000,0x95e40000)
 ParOldGen       total 43776K, used 14878K [0x67000000, 0x69ac0000, 0x91ac0000)
  object space 43776K, 33% used [0x67000000,0x67e87b28,0x69ac0000)
 Metaspace       used 3854K, capacity 3878K, committed 3992K, reserved 4400K
}
Event: 6,261 GC heap before
{Heap before GC invocations=5 (full 0):
 PSYoungGen      total 69120K, used 69109K [0x91ac0000, 0x960c0000, 0xa7000000)
  eden space 66560K, 100% used [0x91ac0000,0x95bc0000,0x95bc0000)
  from space 2560K, 99% used [0x95e40000,0x960bd7d0,0x960c0000)
  to   space 2560K, 0% used [0x95bc0000,0x95bc0000,0x95e40000)
 ParOldGen       total 43776K, used 14878K [0x67000000, 0x69ac0000, 0x91ac0000)
  object space 43776K, 33% used [0x67000000,0x67e87b28,0x69ac0000)
 Metaspace       used 3903K, capacity 3942K, committed 3992K, reserved 4400K
Event: 6,472 GC heap after
Heap after GC invocations=5 (full 0):
 PSYoungGen      total 69120K, used 2545K [0x91ac0000, 0x9b6c0000, 0xa7000000)
  eden space 66560K, 0% used [0x91ac0000,0x91ac0000,0x95bc0000)
  from space 2560K, 99% used [0x95bc0000,0x95e3c600,0x95e40000)
  to   space 13312K, 0% used [0x9a9c0000,0x9a9c0000,0x9b6c0000)
 ParOldGen       total 43776K, used 25436K [0x67000000, 0x69ac0000, 0x91ac0000)
  object space 43776K, 58% used [0x67000000,0x688d7188,0x69ac0000)
 Metaspace       used 3903K, capacity 3942K, committed 3992K, reserved 4400K
}
Event: 7,098 GC heap before
{Heap before GC invocations=6 (full 0):
 PSYoungGen      total 69120K, used 69105K [0x91ac0000, 0x9b6c0000, 0xa7000000)
  eden space 66560K, 100% used [0x91ac0000,0x95bc0000,0x95bc0000)
  from space 2560K, 99% used [0x95bc0000,0x95e3c600,0x95e40000)
  to   space 13312K, 0% used [0x9a9c0000,0x9a9c0000,0x9b6c0000)
 ParOldGen       total 43776K, used 25436K [0x67000000, 0x69ac0000, 0x91ac0000)
  object space 43776K, 58% used [0x67000000,0x688d7188,0x69ac0000)
 Metaspace       used 3950K, capacity 3974K, committed 3992K, reserved 4400K
Event: 7,197 GC heap after
Heap after GC invocations=6 (full 0):
 PSYoungGen      total 144640K, used 12498K [0x91ac0000, 0x9ba40000, 0xa7000000)
  eden space 131328K, 0% used [0x91ac0000,0x91ac0000,0x99b00000)
  from space 13312K, 93% used [0x9a9c0000,0x9b5f4a58,0x9b6c0000)
  to   space 15104K, 0% used [0x99b00000,0x99b00000,0x9a9c0000)
 ParOldGen       total 43776K, used 25436K [0x67000000, 0x69ac0000, 0x91ac0000)
  object space 43776K, 58% used [0x67000000,0x688d7188,0x69ac0000)
 Metaspace       used 3950K, capacity 3974K, committed 3992K, reserved 4400K
}
Event: 8,689 GC heap before
{Heap before GC invocations=7 (full 0):
 PSYoungGen      total 144640K, used 143826K [0x91ac0000, 0x9ba40000, 0xa7000000)
  eden space 131328K, 100% used [0x91ac0000,0x99b00000,0x99b00000)
  from space 13312K, 93% used [0x9a9c0000,0x9b5f4a58,0x9b6c0000)
  to   space 15104K, 0% used [0x99b00000,0x99b00000,0x9a9c0000)
 ParOldGen       total 43776K, used 25436K [0x67000000, 0x69ac0000, 0x91ac0000)
  object space 43776K, 58% used [0x67000000,0x688d7188,0x69ac0000)
 Metaspace       used 4065K, capacity 4102K, committed 4120K, reserved 4400K

