# JRE version: Java(TM) SE Runtime Environment (8.0_101-b13) (build 1.8.0_101-b13)
# Java VM: Java HotSpot(TM) Server VM (25.101-b13 mixed mode linux-x86 )
Heap:
 PSYoungGen      total 146432K, used 15101K [0x91ac0000, 0x9ba40000, 0xa7000000)
  eden space 131328K, 0% used [0x91ac0000,0x91ac0000,0x99b00000)
  from space 15104K, 99% used [0x99b00000,0x9a9bf520,0x9a9c0000)
  to   space 13312K, 0% used [0x9a9c0000,0x9a9c0000,0x9b6c0000)
 ParOldGen       total 43776K, used 41297K [0x67000000, 0x69ac0000, 0x91ac0000)
  object space 43776K, 94% used [0x67000000,0x69854798,0x69ac0000)
 Metaspace       used 4111K, capacity 4134K, committed 4248K, reserved 4400K
GC Heap History (10 events):
Event: 1,307 GC heap after
Heap after GC invocations=2 (full 0):
 PSYoungGen      total 35840K, used 2559K [0x91ac0000, 0x94040000, 0xa7000000)
  eden space 33280K, 0% used [0x91ac0000,0x91ac0000,0x93b40000)
  from space 2560K, 99% used [0x93dc0000,0x9403fcf8,0x94040000)
  to   space 2560K, 0% used [0x93b40000,0x93b40000,0x93dc0000)
 ParOldGen       total 43776K, used 4662K [0x67000000, 0x69ac0000, 0x91ac0000)
  object space 43776K, 10% used [0x67000000,0x6748d830,0x69ac0000)
 Metaspace       used 3689K, capacity 3718K, committed 3736K, reserved 4400K
}
Event: 1,774 GC heap before
{Heap before GC invocations=3 (full 0):
 PSYoungGen      total 35840K, used 35839K [0x91ac0000, 0x94040000, 0xa7000000)
  eden space 33280K, 100% used [0x91ac0000,0x93b40000,0x93b40000)
  from space 2560K, 99% used [0x93dc0000,0x9403fcf8,0x94040000)
  to   space 2560K, 0% used [0x93b40000,0x93b40000,0x93dc0000)
 ParOldGen       total 43776K, used 4662K [0x67000000, 0x69ac0000, 0x91ac0000)
  object space 43776K, 10% used [0x67000000,0x6748d830,0x69ac0000)
 Metaspace       used 3815K, capacity 3846K, committed 3864K, reserved 4400K
Event: 1,802 GC heap after
Heap after GC invocations=3 (full 0):
 PSYoungGen      total 35840K, used 2559K [0x91ac0000, 0x960c0000, 0xa7000000)
  eden space 33280K, 0% used [0x91ac0000,0x91ac0000,0x93b40000)
  from space 2560K, 99% used [0x93b40000,0x93dbfd90,0x93dc0000)
  to   space 2560K, 0% used [0x95e40000,0x95e40000,0x960c0000)
 ParOldGen       total 43776K, used 9795K [0x67000000, 0x69ac0000, 0x91ac0000)
  object space 43776K, 22% used [0x67000000,0x67990cf8,0x69ac0000)
 Metaspace       used 3815K, capacity 3846K, committed 3864K, reserved 4400K
}
Event: 2,072 GC heap before
{Heap before GC invocations=4 (full 0):
 PSYoungGen      total 35840K, used 35839K [0x91ac0000, 0x960c0000, 0xa7000000)
  eden space 33280K, 100% used [0x91ac0000,0x93b40000,0x93b40000)
  from space 2560K, 99% used [0x93b40000,0x93dbfd90,0x93dc0000)
  to   space 2560K, 0% used [0x95e40000,0x95e40000,0x960c0000)
 ParOldGen       total 43776K, used 9795K [0x67000000, 0x69ac0000, 0x91ac0000)
  object space 43776K, 22% used [0x67000000,0x67990cf8,0x69ac0000)
 Metaspace       used 3899K, capacity 3942K, committed 3992K, reserved 4400K
Event: 2,128 GC heap after
Heap after GC invocations=4 (full 0):
 PSYoungGen      total 69120K, used 2551K [0x91ac0000, 0x960c0000, 0xa7000000)
  eden space 66560K, 0% used [0x91ac0000,0x91ac0000,0x95bc0000)
  from space 2560K, 99% used [0x95e40000,0x960bdf18,0x960c0000)
  to   space 2560K, 0% used [0x95bc0000,0x95bc0000,0x95e40000)
 ParOldGen       total 43776K, used 15099K [0x67000000, 0x69ac0000, 0x91ac0000)
  object space 43776K, 34% used [0x67000000,0x67ebecd8,0x69ac0000)
 Metaspace       used 3899K, capacity 3942K, committed 3992K, reserved 4400K
}
Event: 2,677 GC heap before
{Heap before GC invocations=5 (full 0):
 PSYoungGen      total 69120K, used 69111K [0x91ac0000, 0x960c0000, 0xa7000000)
  eden space 66560K, 100% used [0x91ac0000,0x95bc0000,0x95bc0000)
  from space 2560K, 99% used [0x95e40000,0x960bdf18,0x960c0000)
  to   space 2560K, 0% used [0x95bc0000,0x95bc0000,0x95e40000)
 ParOldGen       total 43776K, used 15099K [0x67000000, 0x69ac0000, 0x91ac0000)
  object space 43776K, 34% used [0x67000000,0x67ebecd8,0x69ac0000)
 Metaspace       used 3917K, capacity 3942K, committed 3992K, reserved 4400K
Event: 2,760 GC heap after
Heap after GC invocations=5 (full 0):
 PSYoungGen      total 69120K, used 2558K [0x91ac0000, 0x9b6c0000, 0xa7000000)
  eden space 66560K, 0% used [0x91ac0000,0x91ac0000,0x95bc0000)
  from space 2560K, 99% used [0x95bc0000,0x95e3f930,0x95e40000)
  to   space 13312K, 0% used [0x9a9c0000,0x9a9c0000,0x9b6c0000)
 ParOldGen       total 43776K, used 25483K [0x67000000, 0x69ac0000, 0x91ac0000)
  object space 43776K, 58% used [0x67000000,0x688e2da0,0x69ac0000)
 Metaspace       used 3917K, capacity 3942K, committed 3992K, reserved 4400K
}
Event: 3,516 GC heap before
{Heap before GC invocations=6 (full 0):
 PSYoungGen      total 69120K, used 69118K [0x91ac0000, 0x9b6c0000, 0xa7000000)
  eden space 66560K, 100% used [0x91ac0000,0x95bc0000,0x95bc0000)
  from space 2560K, 99% used [0x95bc0000,0x95e3f930,0x95e40000)
  to   space 13312K, 0% used [0x9a9c0000,0x9a9c0000,0x9b6c0000)
 ParOldGen       total 43776K, used 25483K [0x67000000, 0x69ac0000, 0x91ac0000)
  object space 43776K, 58% used [0x67000000,0x688e2da0,0x69ac0000)
 Metaspace       used 3992K, capacity 4006K, committed 4120K, reserved 4400K
Event: 3,664 GC heap after
Heap after GC invocations=6 (full 0):
 PSYoungGen      total 144640K, used 12506K [0x91ac0000, 0x9ba40000, 0xa7000000)
  eden space 131328K, 0% used [0x91ac0000,0x91ac0000,0x99b00000)
  from space 13312K, 93% used [0x9a9c0000,0x9b5f6a90,0x9b6c0000)
  to   space 15104K, 0% used [0x99b00000,0x99b00000,0x9a9c0000)
 ParOldGen       total 43776K, used 25483K [0x67000000, 0x69ac0000, 0x91ac0000)
  object space 43776K, 58% used [0x67000000,0x688e2da0,0x69ac0000)
 Metaspace       used 3992K, capacity 4006K, committed 4120K, reserved 4400K
}
Event: 5,047 GC heap before
{Heap before GC invocations=7 (full 0):
 PSYoungGen      total 144640K, used 143834K [0x91ac0000, 0x9ba40000, 0xa7000000)
  eden space 131328K, 100% used [0x91ac0000,0x99b00000,0x99b00000)
  from space 13312K, 93% used [0x9a9c0000,0x9b5f6a90,0x9b6c0000)
  to   space 15104K, 0% used [0x99b00000,0x99b00000,0x9a9c0000)
 ParOldGen       total 43776K, used 25483K [0x67000000, 0x69ac0000, 0x91ac0000)
  object space 43776K, 58% used [0x67000000,0x688e2da0,0x69ac0000)
 Metaspace       used 4111K, capacity 4134K, committed 4248K, reserved 4400K

