# JRE version: Java(TM) SE Runtime Environment (8.0_101-b13) (build 1.8.0_101-b13)
# Java VM: Java HotSpot(TM) Server VM (25.101-b13 mixed mode linux-x86 )
Heap:
 PSYoungGen      total 146688K, used 16122K [0x91ac0000, 0x9bc40000, 0xa7000000)
  eden space 130560K, 0% used [0x91ac0000,0x91ac0000,0x99a40000)
  from space 16128K, 99% used [0x99a40000,0x9a9fe840,0x9aa00000)
  to   space 13568K, 0% used [0x9aa00000,0x9aa00000,0x9b740000)
 ParOldGen       total 43776K, used 41117K [0x67000000, 0x69ac0000, 0x91ac0000)
  object space 43776K, 93% used [0x67000000,0x69827740,0x69ac0000)
 Metaspace       used 4080K, capacity 4134K, committed 4248K, reserved 4400K
GC Heap History (10 events):
Event: 1,317 GC heap after
Heap after GC invocations=2 (full 0):
 PSYoungGen      total 35840K, used 2548K [0x91ac0000, 0x94040000, 0xa7000000)
  eden space 33280K, 0% used [0x91ac0000,0x91ac0000,0x93b40000)
  from space 2560K, 99% used [0x93dc0000,0x9403d218,0x94040000)
  to   space 2560K, 0% used [0x93b40000,0x93b40000,0x93dc0000)
 ParOldGen       total 43776K, used 4768K [0x67000000, 0x69ac0000, 0x91ac0000)
  object space 43776K, 10% used [0x67000000,0x674a8278,0x69ac0000)
 Metaspace       used 3724K, capacity 3750K, committed 3864K, reserved 4400K
}
Event: 1,789 GC heap before
{Heap before GC invocations=3 (full 0):
 PSYoungGen      total 35840K, used 35828K [0x91ac0000, 0x94040000, 0xa7000000)
  eden space 33280K, 100% used [0x91ac0000,0x93b40000,0x93b40000)
  from space 2560K, 99% used [0x93dc0000,0x9403d218,0x94040000)
  to   space 2560K, 0% used [0x93b40000,0x93b40000,0x93dc0000)
 ParOldGen       total 43776K, used 4768K [0x67000000, 0x69ac0000, 0x91ac0000)
  object space 43776K, 10% used [0x67000000,0x674a8278,0x69ac0000)
 Metaspace       used 3831K, capacity 3878K, committed 3992K, reserved 4400K
Event: 1,840 GC heap after
Heap after GC invocations=3 (full 0):
 PSYoungGen      total 35840K, used 2546K [0x91ac0000, 0x960c0000, 0xa7000000)
  eden space 33280K, 0% used [0x91ac0000,0x91ac0000,0x93b40000)
  from space 2560K, 99% used [0x93b40000,0x93dbcaf8,0x93dc0000)
  to   space 2560K, 0% used [0x95e40000,0x95e40000,0x960c0000)
 ParOldGen       total 43776K, used 10143K [0x67000000, 0x69ac0000, 0x91ac0000)
  object space 43776K, 23% used [0x67000000,0x679e7c48,0x69ac0000)
 Metaspace       used 3831K, capacity 3878K, committed 3992K, reserved 4400K
}
Event: 2,342 GC heap before
{Heap before GC invocations=4 (full 0):
 PSYoungGen      total 35840K, used 35826K [0x91ac0000, 0x960c0000, 0xa7000000)
  eden space 33280K, 100% used [0x91ac0000,0x93b40000,0x93b40000)
  from space 2560K, 99% used [0x93b40000,0x93dbcaf8,0x93dc0000)
  to   space 2560K, 0% used [0x95e40000,0x95e40000,0x960c0000)
 ParOldGen       total 43776K, used 10143K [0x67000000, 0x69ac0000, 0x91ac0000)
  object space 43776K, 23% used [0x67000000,0x679e7c48,0x69ac0000)
 Metaspace       used 3856K, capacity 3910K, committed 3992K, reserved 4400K
Event: 2,427 GC heap after
Heap after GC invocations=4 (full 0):
 PSYoungGen      total 69120K, used 2552K [0x91ac0000, 0x960c0000, 0xa7000000)
  eden space 66560K, 0% used [0x91ac0000,0x91ac0000,0x95bc0000)
  from space 2560K, 99% used [0x95e40000,0x960be078,0x960c0000)
  to   space 2560K, 0% used [0x95bc0000,0x95bc0000,0x95e40000)
 ParOldGen       total 43776K, used 15363K [0x67000000, 0x69ac0000, 0x91ac0000)
  object space 43776K, 35% used [0x67000000,0x67f00ea8,0x69ac0000)
 Metaspace       used 3856K, capacity 3910K, committed 3992K, reserved 4400K
}
Event: 3,596 GC heap before
{Heap before GC invocations=5 (full 0):
 PSYoungGen      total 69120K, used 69112K [0x91ac0000, 0x960c0000, 0xa7000000)
  eden space 66560K, 100% used [0x91ac0000,0x95bc0000,0x95bc0000)
  from space 2560K, 99% used [0x95e40000,0x960be078,0x960c0000)
  to   space 2560K, 0% used [0x95bc0000,0x95bc0000,0x95e40000)
 ParOldGen       total 43776K, used 15363K [0x67000000, 0x69ac0000, 0x91ac0000)
  object space 43776K, 35% used [0x67000000,0x67f00ea8,0x69ac0000)
 Metaspace       used 3939K, capacity 3974K, committed 3992K, reserved 4400K
Event: 3,744 GC heap after
Heap after GC invocations=5 (full 0):
 PSYoungGen      total 69120K, used 2546K [0x91ac0000, 0x9b740000, 0xa7000000)
  eden space 66560K, 0% used [0x91ac0000,0x91ac0000,0x95bc0000)
  from space 2560K, 99% used [0x95bc0000,0x95e3c830,0x95e40000)
  to   space 13568K, 0% used [0x9aa00000,0x9aa00000,0x9b740000)
 ParOldGen       total 43776K, used 25950K [0x67000000, 0x69ac0000, 0x91ac0000)
  object space 43776K, 59% used [0x67000000,0x68957858,0x69ac0000)
 Metaspace       used 3939K, capacity 3974K, committed 3992K, reserved 4400K
}
Event: 4,433 GC heap before
{Heap before GC invocations=6 (full 0):
 PSYoungGen      total 69120K, used 69106K [0x91ac0000, 0x9b740000, 0xa7000000)
  eden space 66560K, 100% used [0x91ac0000,0x95bc0000,0x95bc0000)
  from space 2560K, 99% used [0x95bc0000,0x95e3c830,0x95e40000)
  to   space 13568K, 0% used [0x9aa00000,0x9aa00000,0x9b740000)
 ParOldGen       total 43776K, used 25950K [0x67000000, 0x69ac0000, 0x91ac0000)
  object space 43776K, 59% used [0x67000000,0x68957858,0x69ac0000)
 Metaspace       used 3981K, capacity 4006K, committed 4120K, reserved 4400K
Event: 4,650 GC heap after
Heap after GC invocations=6 (full 0):
 PSYoungGen      total 144128K, used 13555K [0x91ac0000, 0x9bc40000, 0xa7000000)
  eden space 130560K, 0% used [0x91ac0000,0x91ac0000,0x99a40000)
  from space 13568K, 99% used [0x9aa00000,0x9b73ce50,0x9b740000)
  to   space 16128K, 0% used [0x99a40000,0x99a40000,0x9aa00000)
 ParOldGen       total 43776K, used 26381K [0x67000000, 0x69ac0000, 0x91ac0000)
  object space 43776K, 60% used [0x67000000,0x689c3500,0x69ac0000)
 Metaspace       used 3981K, capacity 4006K, committed 4120K, reserved 4400K
}
Event: 5,985 GC heap before
{Heap before GC invocations=7 (full 0):
 PSYoungGen      total 144128K, used 144115K [0x91ac0000, 0x9bc40000, 0xa7000000)
  eden space 130560K, 100% used [0x91ac0000,0x99a40000,0x99a40000)
  from space 13568K, 99% used [0x9aa00000,0x9b73ce50,0x9b740000)
  to   space 16128K, 0% used [0x99a40000,0x99a40000,0x9aa00000)
 ParOldGen       total 43776K, used 26381K [0x67000000, 0x69ac0000, 0x91ac0000)
  object space 43776K, 60% used [0x67000000,0x689c3500,0x69ac0000)
 Metaspace       used 4080K, capacity 4134K, committed 4248K, reserved 4400K

