# JRE version: Java(TM) SE Runtime Environment (8.0_101-b13) (build 1.8.0_101-b13)
# Java VM: Java HotSpot(TM) Server VM (25.101-b13 mixed mode linux-x86 )
Heap:
 PSYoungGen      total 146432K, used 15349K [0x91ac0000, 0x9bac0000, 0xa7000000)
  eden space 131072K, 0% used [0x91ac0000,0x91ac0000,0x99ac0000)
  from space 15360K, 99% used [0x99ac0000,0x9a9bd690,0x9a9c0000)
  to   space 13312K, 0% used [0x9a9c0000,0x9a9c0000,0x9b6c0000)
 ParOldGen       total 43776K, used 40402K [0x67000000, 0x69ac0000, 0x91ac0000)
  object space 43776K, 92% used [0x67000000,0x69774990,0x69ac0000)
 Metaspace       used 4082K, capacity 4102K, committed 4120K, reserved 4400K
GC Heap History (10 events):
Event: 1,268 GC heap after
Heap after GC invocations=2 (full 0):
 PSYoungGen      total 35840K, used 2551K [0x91ac0000, 0x94040000, 0xa7000000)
  eden space 33280K, 0% used [0x91ac0000,0x91ac0000,0x93b40000)
  from space 2560K, 99% used [0x93dc0000,0x9403dcd8,0x94040000)
  to   space 2560K, 0% used [0x93b40000,0x93b40000,0x93dc0000)
 ParOldGen       total 43776K, used 4687K [0x67000000, 0x69ac0000, 0x91ac0000)
  object space 43776K, 10% used [0x67000000,0x67493f40,0x69ac0000)
 Metaspace       used 3696K, capacity 3750K, committed 3864K, reserved 4400K
}
Event: 1,739 GC heap before
{Heap before GC invocations=3 (full 0):
 PSYoungGen      total 35840K, used 35831K [0x91ac0000, 0x94040000, 0xa7000000)
  eden space 33280K, 100% used [0x91ac0000,0x93b40000,0x93b40000)
  from space 2560K, 99% used [0x93dc0000,0x9403dcd8,0x94040000)
  to   space 2560K, 0% used [0x93b40000,0x93b40000,0x93dc0000)
 ParOldGen       total 43776K, used 4687K [0x67000000, 0x69ac0000, 0x91ac0000)
  object space 43776K, 10% used [0x67000000,0x67493f40,0x69ac0000)
 Metaspace       used 3806K, capacity 3846K, committed 3864K, reserved 4400K
Event: 1,836 GC heap after
Heap after GC invocations=3 (full 0):
 PSYoungGen      total 35840K, used 2557K [0x91ac0000, 0x960c0000, 0xa7000000)
  eden space 33280K, 0% used [0x91ac0000,0x91ac0000,0x93b40000)
  from space 2560K, 99% used [0x93b40000,0x93dbf550,0x93dc0000)
  to   space 2560K, 0% used [0x95e40000,0x95e40000,0x960c0000)
 ParOldGen       total 43776K, used 9872K [0x67000000, 0x69ac0000, 0x91ac0000)
  object space 43776K, 22% used [0x67000000,0x679a40a8,0x69ac0000)
 Metaspace       used 3806K, capacity 3846K, committed 3864K, reserved 4400K
}
Event: 2,452 GC heap before
{Heap before GC invocations=4 (full 0):
 PSYoungGen      total 35840K, used 35837K [0x91ac0000, 0x960c0000, 0xa7000000)
  eden space 33280K, 100% used [0x91ac0000,0x93b40000,0x93b40000)
  from space 2560K, 99% used [0x93b40000,0x93dbf550,0x93dc0000)
  to   space 2560K, 0% used [0x95e40000,0x95e40000,0x960c0000)
 ParOldGen       total 43776K, used 9872K [0x67000000, 0x69ac0000, 0x91ac0000)
  object space 43776K, 22% used [0x67000000,0x679a40a8,0x69ac0000)
 Metaspace       used 3876K, capacity 3910K, committed 3992K, reserved 4400K
Event: 2,544 GC heap after
Heap after GC invocations=4 (full 0):
 PSYoungGen      total 69120K, used 2548K [0x91ac0000, 0x960c0000, 0xa7000000)
  eden space 66560K, 0% used [0x91ac0000,0x91ac0000,0x95bc0000)
  from space 2560K, 99% used [0x95e40000,0x960bd1c8,0x960c0000)
  to   space 2560K, 0% used [0x95bc0000,0x95bc0000,0x95e40000)
 ParOldGen       total 43776K, used 14869K [0x67000000, 0x69ac0000, 0x91ac0000)
  object space 43776K, 33% used [0x67000000,0x67e85648,0x69ac0000)
 Metaspace       used 3876K, capacity 3910K, committed 3992K, reserved 4400K
}
Event: 3,436 GC heap before
{Heap before GC invocations=5 (full 0):
 PSYoungGen      total 69120K, used 69108K [0x91ac0000, 0x960c0000, 0xa7000000)
  eden space 66560K, 100% used [0x91ac0000,0x95bc0000,0x95bc0000)
  from space 2560K, 99% used [0x95e40000,0x960bd1c8,0x960c0000)
  to   space 2560K, 0% used [0x95bc0000,0x95bc0000,0x95e40000)
 ParOldGen       total 43776K, used 14869K [0x67000000, 0x69ac0000, 0x91ac0000)
  object space 43776K, 33% used [0x67000000,0x67e85648,0x69ac0000)
 Metaspace       used 3902K, capacity 3942K, committed 3992K, reserved 4400K
Event: 3,537 GC heap after
Heap after GC invocations=5 (full 0):
 PSYoungGen      total 69120K, used 2554K [0x91ac0000, 0x9b6c0000, 0xa7000000)
  eden space 66560K, 0% used [0x91ac0000,0x91ac0000,0x95bc0000)
  from space 2560K, 99% used [0x95bc0000,0x95e3eb38,0x95e40000)
  to   space 13312K, 0% used [0x9a9c0000,0x9a9c0000,0x9b6c0000)
 ParOldGen       total 43776K, used 25433K [0x67000000, 0x69ac0000, 0x91ac0000)
  object space 43776K, 58% used [0x67000000,0x688d6458,0x69ac0000)
 Metaspace       used 3902K, capacity 3942K, committed 3992K, reserved 4400K
}
Event: 4,342 GC heap before
{Heap before GC invocations=6 (full 0):
 PSYoungGen      total 69120K, used 69114K [0x91ac0000, 0x9b6c0000, 0xa7000000)
  eden space 66560K, 100% used [0x91ac0000,0x95bc0000,0x95bc0000)
  from space 2560K, 99% used [0x95bc0000,0x95e3eb38,0x95e40000)
  to   space 13312K, 0% used [0x9a9c0000,0x9a9c0000,0x9b6c0000)
 ParOldGen       total 43776K, used 25433K [0x67000000, 0x69ac0000, 0x91ac0000)
  object space 43776K, 58% used [0x67000000,0x688d6458,0x69ac0000)
 Metaspace       used 3946K, capacity 3974K, committed 3992K, reserved 4400K
Event: 4,436 GC heap after
Heap after GC invocations=6 (full 0):
 PSYoungGen      total 144384K, used 12679K [0x91ac0000, 0x9bac0000, 0xa7000000)
  eden space 131072K, 0% used [0x91ac0000,0x91ac0000,0x99ac0000)
  from space 13312K, 95% used [0x9a9c0000,0x9b621f80,0x9b6c0000)
  to   space 15360K, 0% used [0x99ac0000,0x99ac0000,0x9a9c0000)
 ParOldGen       total 43776K, used 25433K [0x67000000, 0x69ac0000, 0x91ac0000)
  object space 43776K, 58% used [0x67000000,0x688d6458,0x69ac0000)
 Metaspace       used 3946K, capacity 3974K, committed 3992K, reserved 4400K
}
Event: 6,102 GC heap before
{Heap before GC invocations=7 (full 0):
 PSYoungGen      total 144384K, used 143751K [0x91ac0000, 0x9bac0000, 0xa7000000)
  eden space 131072K, 100% used [0x91ac0000,0x99ac0000,0x99ac0000)
  from space 13312K, 95% used [0x9a9c0000,0x9b621f80,0x9b6c0000)
  to   space 15360K, 0% used [0x99ac0000,0x99ac0000,0x9a9c0000)
 ParOldGen       total 43776K, used 25433K [0x67000000, 0x69ac0000, 0x91ac0000)
  object space 43776K, 58% used [0x67000000,0x688d6458,0x69ac0000)
 Metaspace       used 4082K, capacity 4102K, committed 4120K, reserved 4400K

