# JRE version: Java(TM) SE Runtime Environment (8.0_101-b13) (build 1.8.0_101-b13)
# Java VM: Java HotSpot(TM) Server VM (25.101-b13 mixed mode linux-x86 )
Heap:
 PSYoungGen      total 145408K, used 18167K [0x91ac0000, 0x9be40000, 0xa7000000)
  eden space 127232K, 0% used [0x91ac0000,0x91ac0000,0x99700000)
  from space 18176K, 99% used [0x99700000,0x9a8bdc08,0x9a8c0000)
  to   space 14336K, 0% used [0x9a8c0000,0x9a8c0000,0x9b6c0000)
 ParOldGen       total 43776K, used 42357K [0x67000000, 0x69ac0000, 0x91ac0000)
  object space 43776K, 96% used [0x67000000,0x6995d728,0x69ac0000)
 Metaspace       used 4063K, capacity 4102K, committed 4120K, reserved 4400K
GC Heap History (10 events):
Event: 4,697 GC heap after
Heap after GC invocations=4 (full 0):
 PSYoungGen      total 35840K, used 2553K [0x91ac0000, 0x94040000, 0xa7000000)
  eden space 33280K, 0% used [0x91ac0000,0x91ac0000,0x93b40000)
  from space 2560K, 99% used [0x93dc0000,0x9403e730,0x94040000)
  to   space 2560K, 0% used [0x93b40000,0x93b40000,0x93dc0000)
 ParOldGen       total 43776K, used 10212K [0x67000000, 0x69ac0000, 0x91ac0000)
  object space 43776K, 23% used [0x67000000,0x679f9330,0x69ac0000)
 Metaspace       used 3807K, capacity 3846K, committed 3864K, reserved 4400K
}
Event: 5,186 GC heap before
{Heap before GC invocations=5 (full 0):
 PSYoungGen      total 35840K, used 35833K [0x91ac0000, 0x94040000, 0xa7000000)
  eden space 33280K, 100% used [0x91ac0000,0x93b40000,0x93b40000)
  from space 2560K, 99% used [0x93dc0000,0x9403e730,0x94040000)
  to   space 2560K, 0% used [0x93b40000,0x93b40000,0x93dc0000)
 ParOldGen       total 43776K, used 10212K [0x67000000, 0x69ac0000, 0x91ac0000)
  object space 43776K, 23% used [0x67000000,0x679f9330,0x69ac0000)
 Metaspace       used 3824K, capacity 3878K, committed 3992K, reserved 4400K
Event: 5,285 GC heap after
Heap after GC invocations=5 (full 0):
 PSYoungGen      total 35840K, used 2555K [0x91ac0000, 0x96ac0000, 0xa7000000)
  eden space 33280K, 0% used [0x91ac0000,0x91ac0000,0x93b40000)
  from space 2560K, 99% used [0x93b40000,0x93dbef78,0x93dc0000)
  to   space 7680K, 0% used [0x96340000,0x96340000,0x96ac0000)
 ParOldGen       total 43776K, used 15328K [0x67000000, 0x69ac0000, 0x91ac0000)
  object space 43776K, 35% used [0x67000000,0x67ef82a8,0x69ac0000)
 Metaspace       used 3824K, capacity 3878K, committed 3992K, reserved 4400K
}
Event: 5,606 GC heap before
{Heap before GC invocations=6 (full 0):
 PSYoungGen      total 35840K, used 35835K [0x91ac0000, 0x96ac0000, 0xa7000000)
  eden space 33280K, 100% used [0x91ac0000,0x93b40000,0x93b40000)
  from space 2560K, 99% used [0x93b40000,0x93dbef78,0x93dc0000)
  to   space 7680K, 0% used [0x96340000,0x96340000,0x96ac0000)
 ParOldGen       total 43776K, used 15328K [0x67000000, 0x69ac0000, 0x91ac0000)
  object space 43776K, 35% used [0x67000000,0x67ef82a8,0x69ac0000)
 Metaspace       used 3844K, capacity 3878K, committed 3992K, reserved 4400K
Event: 5,674 GC heap after
Heap after GC invocations=6 (full 0):
 PSYoungGen      total 73216K, used 7666K [0x91ac0000, 0x96cc0000, 0xa7000000)
  eden space 65536K, 0% used [0x91ac0000,0x91ac0000,0x95ac0000)
  from space 7680K, 99% used [0x96340000,0x96abcb78,0x96ac0000)
  to   space 8704K, 0% used [0x95ac0000,0x95ac0000,0x96340000)
 ParOldGen       total 43776K, used 15960K [0x67000000, 0x69ac0000, 0x91ac0000)
  object space 43776K, 36% used [0x67000000,0x67f962c0,0x69ac0000)
 Metaspace       used 3844K, capacity 3878K, committed 3992K, reserved 4400K
}
Event: 6,482 GC heap before
{Heap before GC invocations=7 (full 0):
 PSYoungGen      total 73216K, used 73202K [0x91ac0000, 0x96cc0000, 0xa7000000)
  eden space 65536K, 100% used [0x91ac0000,0x95ac0000,0x95ac0000)
  from space 7680K, 99% used [0x96340000,0x96abcb78,0x96ac0000)
  to   space 8704K, 0% used [0x95ac0000,0x95ac0000,0x96340000)
 ParOldGen       total 43776K, used 15960K [0x67000000, 0x69ac0000, 0x91ac0000)
  object space 43776K, 36% used [0x67000000,0x67f962c0,0x69ac0000)
 Metaspace       used 3899K, capacity 3942K, committed 3992K, reserved 4400K
Event: 6,668 GC heap after
Heap after GC invocations=7 (full 0):
 PSYoungGen      total 74240K, used 8701K [0x91ac0000, 0x9b6c0000, 0xa7000000)
  eden space 65536K, 0% used [0x91ac0000,0x91ac0000,0x95ac0000)
  from space 8704K, 99% used [0x95ac0000,0x9633f4c8,0x96340000)
  to   space 14336K, 0% used [0x9a8c0000,0x9a8c0000,0x9b6c0000)
 ParOldGen       total 43776K, used 25036K [0x67000000, 0x69ac0000, 0x91ac0000)
  object space 43776K, 57% used [0x67000000,0x688731f8,0x69ac0000)
 Metaspace       used 3899K, capacity 3942K, committed 3992K, reserved 4400K
}
Event: 7,206 GC heap before
{Heap before GC invocations=8 (full 0):
 PSYoungGen      total 74240K, used 74237K [0x91ac0000, 0x9b6c0000, 0xa7000000)
  eden space 65536K, 100% used [0x91ac0000,0x95ac0000,0x95ac0000)
  from space 8704K, 99% used [0x95ac0000,0x9633f4c8,0x96340000)
  to   space 14336K, 0% used [0x9a8c0000,0x9a8c0000,0x9b6c0000)
 ParOldGen       total 43776K, used 25036K [0x67000000, 0x69ac0000, 0x91ac0000)
  object space 43776K, 57% used [0x67000000,0x688731f8,0x69ac0000)
 Metaspace       used 3936K, capacity 3974K, committed 3992K, reserved 4400K
Event: 7,355 GC heap after
Heap after GC invocations=8 (full 0):
 PSYoungGen      total 141568K, used 14324K [0x91ac0000, 0x9be40000, 0xa7000000)
  eden space 127232K, 0% used [0x91ac0000,0x91ac0000,0x99700000)
  from space 14336K, 99% used [0x9a8c0000,0x9b6bd2e0,0x9b6c0000)
  to   space 18176K, 0% used [0x99700000,0x99700000,0x9a8c0000)
 ParOldGen       total 43776K, used 28760K [0x67000000, 0x69ac0000, 0x91ac0000)
  object space 43776K, 65% used [0x67000000,0x68c16110,0x69ac0000)
 Metaspace       used 3936K, capacity 3974K, committed 3992K, reserved 4400K
}
Event: 12,015 GC heap before
{Heap before GC invocations=9 (full 0):
 PSYoungGen      total 141568K, used 141556K [0x91ac0000, 0x9be40000, 0xa7000000)
  eden space 127232K, 100% used [0x91ac0000,0x99700000,0x99700000)
  from space 14336K, 99% used [0x9a8c0000,0x9b6bd2e0,0x9b6c0000)
  to   space 18176K, 0% used [0x99700000,0x99700000,0x9a8c0000)
 ParOldGen       total 43776K, used 28760K [0x67000000, 0x69ac0000, 0x91ac0000)
  object space 43776K, 65% used [0x67000000,0x68c16110,0x69ac0000)
 Metaspace       used 4063K, capacity 4102K, committed 4120K, reserved 4400K

