# JRE version: Java(TM) SE Runtime Environment (8.0_101-b13) (build 1.8.0_101-b13)
# Java VM: Java HotSpot(TM) Server VM (25.101-b13 mixed mode linux-x86 )
Heap:
 PSYoungGen      total 146432K, used 15350K [0x91ac0000, 0x9bac0000, 0xa7000000)
  eden space 131072K, 0% used [0x91ac0000,0x91ac0000,0x99ac0000)
  from space 15360K, 99% used [0x99ac0000,0x9a9bdbd0,0x9a9c0000)
  to   space 13312K, 0% used [0x9a9c0000,0x9a9c0000,0x9b6c0000)
 ParOldGen       total 43776K, used 41477K [0x67000000, 0x69ac0000, 0x91ac0000)
  object space 43776K, 94% used [0x67000000,0x698817a0,0x69ac0000)
 Metaspace       used 4062K, capacity 4102K, committed 4120K, reserved 4400K
GC Heap History (10 events):
Event: 2,248 GC heap after
Heap after GC invocations=2 (full 0):
 PSYoungGen      total 35840K, used 2553K [0x91ac0000, 0x94040000, 0xa7000000)
  eden space 33280K, 0% used [0x91ac0000,0x91ac0000,0x93b40000)
  from space 2560K, 99% used [0x93dc0000,0x9403e4f0,0x94040000)
  to   space 2560K, 0% used [0x93b40000,0x93b40000,0x93dc0000)
 ParOldGen       total 43776K, used 4053K [0x67000000, 0x69ac0000, 0x91ac0000)
  object space 43776K, 9% used [0x67000000,0x673f5720,0x69ac0000)
 Metaspace       used 3652K, capacity 3686K, committed 3736K, reserved 4400K
}
Event: 3,001 GC heap before
{Heap before GC invocations=3 (full 0):
 PSYoungGen      total 35840K, used 35833K [0x91ac0000, 0x94040000, 0xa7000000)
  eden space 33280K, 100% used [0x91ac0000,0x93b40000,0x93b40000)
  from space 2560K, 99% used [0x93dc0000,0x9403e4f0,0x94040000)
  to   space 2560K, 0% used [0x93b40000,0x93b40000,0x93dc0000)
 ParOldGen       total 43776K, used 4053K [0x67000000, 0x69ac0000, 0x91ac0000)
  object space 43776K, 9% used [0x67000000,0x673f5720,0x69ac0000)
 Metaspace       used 3756K, capacity 3814K, committed 3864K, reserved 4400K
Event: 3,057 GC heap after
Heap after GC invocations=3 (full 0):
 PSYoungGen      total 35840K, used 2559K [0x91ac0000, 0x960c0000, 0xa7000000)
  eden space 33280K, 0% used [0x91ac0000,0x91ac0000,0x93b40000)
  from space 2560K, 99% used [0x93b40000,0x93dbfc90,0x93dc0000)
  to   space 2560K, 0% used [0x95e40000,0x95e40000,0x960c0000)
 ParOldGen       total 43776K, used 9127K [0x67000000, 0x69ac0000, 0x91ac0000)
  object space 43776K, 20% used [0x67000000,0x678e9cf8,0x69ac0000)
 Metaspace       used 3756K, capacity 3814K, committed 3864K, reserved 4400K
}
Event: 3,662 GC heap before
{Heap before GC invocations=4 (full 0):
 PSYoungGen      total 35840K, used 35839K [0x91ac0000, 0x960c0000, 0xa7000000)
  eden space 33280K, 100% used [0x91ac0000,0x93b40000,0x93b40000)
  from space 2560K, 99% used [0x93b40000,0x93dbfc90,0x93dc0000)
  to   space 2560K, 0% used [0x95e40000,0x95e40000,0x960c0000)
 ParOldGen       total 43776K, used 9127K [0x67000000, 0x69ac0000, 0x91ac0000)
  object space 43776K, 20% used [0x67000000,0x678e9cf8,0x69ac0000)
 Metaspace       used 3797K, capacity 3846K, committed 3864K, reserved 4400K
Event: 3,736 GC heap after
Heap after GC invocations=4 (full 0):
 PSYoungGen      total 69120K, used 2555K [0x91ac0000, 0x960c0000, 0xa7000000)
  eden space 66560K, 0% used [0x91ac0000,0x91ac0000,0x95bc0000)
  from space 2560K, 99% used [0x95e40000,0x960bec10,0x960c0000)
  to   space 2560K, 0% used [0x95bc0000,0x95bc0000,0x95e40000)
 ParOldGen       total 43776K, used 14540K [0x67000000, 0x69ac0000, 0x91ac0000)
  object space 43776K, 33% used [0x67000000,0x67e33058,0x69ac0000)
 Metaspace       used 3797K, capacity 3846K, committed 3864K, reserved 4400K
}
Event: 4,765 GC heap before
{Heap before GC invocations=5 (full 0):
 PSYoungGen      total 69120K, used 69115K [0x91ac0000, 0x960c0000, 0xa7000000)
  eden space 66560K, 100% used [0x91ac0000,0x95bc0000,0x95bc0000)
  from space 2560K, 99% used [0x95e40000,0x960bec10,0x960c0000)
  to   space 2560K, 0% used [0x95bc0000,0x95bc0000,0x95e40000)
 ParOldGen       total 43776K, used 14540K [0x67000000, 0x69ac0000, 0x91ac0000)
  object space 43776K, 33% used [0x67000000,0x67e33058,0x69ac0000)
 Metaspace       used 3834K, capacity 3878K, committed 3992K, reserved 4400K
Event: 4,875 GC heap after
Heap after GC invocations=5 (full 0):
 PSYoungGen      total 69120K, used 2559K [0x91ac0000, 0x9b6c0000, 0xa7000000)
  eden space 66560K, 0% used [0x91ac0000,0x91ac0000,0x95bc0000)
  from space 2560K, 99% used [0x95bc0000,0x95e3fcd0,0x95e40000)
  to   space 13312K, 0% used [0x9a9c0000,0x9a9c0000,0x9b6c0000)
 ParOldGen       total 43776K, used 24813K [0x67000000, 0x69ac0000, 0x91ac0000)
  object space 43776K, 56% used [0x67000000,0x6883b6e0,0x69ac0000)
 Metaspace       used 3834K, capacity 3878K, committed 3992K, reserved 4400K
}
Event: 5,497 GC heap before
{Heap before GC invocations=6 (full 0):
 PSYoungGen      total 69120K, used 69119K [0x91ac0000, 0x9b6c0000, 0xa7000000)
  eden space 66560K, 100% used [0x91ac0000,0x95bc0000,0x95bc0000)
  from space 2560K, 99% used [0x95bc0000,0x95e3fcd0,0x95e40000)
  to   space 13312K, 0% used [0x9a9c0000,0x9a9c0000,0x9b6c0000)
 ParOldGen       total 43776K, used 24813K [0x67000000, 0x69ac0000, 0x91ac0000)
  object space 43776K, 56% used [0x67000000,0x6883b6e0,0x69ac0000)
 Metaspace       used 3949K, capacity 4006K, committed 4120K, reserved 4400K
Event: 5,620 GC heap after
Heap after GC invocations=6 (full 0):
 PSYoungGen      total 144384K, used 12713K [0x91ac0000, 0x9bac0000, 0xa7000000)
  eden space 131072K, 0% used [0x91ac0000,0x91ac0000,0x99ac0000)
  from space 13312K, 95% used [0x9a9c0000,0x9b62a728,0x9b6c0000)
  to   space 15360K, 0% used [0x99ac0000,0x99ac0000,0x9a9c0000)
 ParOldGen       total 43776K, used 24813K [0x67000000, 0x69ac0000, 0x91ac0000)
  object space 43776K, 56% used [0x67000000,0x6883b6e0,0x69ac0000)
 Metaspace       used 3949K, capacity 4006K, committed 4120K, reserved 4400K
}
Event: 6,850 GC heap before
{Heap before GC invocations=7 (full 0):
 PSYoungGen      total 144384K, used 143785K [0x91ac0000, 0x9bac0000, 0xa7000000)
  eden space 131072K, 100% used [0x91ac0000,0x99ac0000,0x99ac0000)
  from space 13312K, 95% used [0x9a9c0000,0x9b62a728,0x9b6c0000)
  to   space 15360K, 0% used [0x99ac0000,0x99ac0000,0x9a9c0000)
 ParOldGen       total 43776K, used 24813K [0x67000000, 0x69ac0000, 0x91ac0000)
  object space 43776K, 56% used [0x67000000,0x6883b6e0,0x69ac0000)
 Metaspace       used 4062K, capacity 4102K, committed 4120K, reserved 4400K

