# JRE version: Java(TM) SE Runtime Environment (8.0_101-b13) (build 1.8.0_101-b13)
# Java VM: Java HotSpot(TM) Server VM (25.101-b13 mixed mode linux-x86 )
Heap:
 PSYoungGen      total 146688K, used 15601K [0x91ac0000, 0x9bb40000, 0xa7000000)
  eden space 131072K, 0% used [0x91ac0000,0x91ac0000,0x99ac0000)
  from space 15616K, 99% used [0x99ac0000,0x9a9fc578,0x9aa00000)
  to   space 13568K, 0% used [0x9aa00000,0x9aa00000,0x9b740000)
 ParOldGen       total 43776K, used 41714K [0x67000000, 0x69ac0000, 0x91ac0000)
  object space 43776K, 95% used [0x67000000,0x698bc978,0x69ac0000)
 Metaspace       used 4089K, capacity 4134K, committed 4248K, reserved 4400K
GC Heap History (10 events):
Event: 1,917 GC heap after
Heap after GC invocations=2 (full 0):
 PSYoungGen      total 35840K, used 2553K [0x91ac0000, 0x94040000, 0xa7000000)
  eden space 33280K, 0% used [0x91ac0000,0x91ac0000,0x93b40000)
  from space 2560K, 99% used [0x93dc0000,0x9403e4f0,0x94040000)
  to   space 2560K, 0% used [0x93b40000,0x93b40000,0x93dc0000)
 ParOldGen       total 43776K, used 4064K [0x67000000, 0x69ac0000, 0x91ac0000)
  object space 43776K, 9% used [0x67000000,0x673f81c0,0x69ac0000)
 Metaspace       used 3650K, capacity 3686K, committed 3736K, reserved 4400K
}
Event: 2,852 GC heap before
{Heap before GC invocations=3 (full 0):
 PSYoungGen      total 35840K, used 35833K [0x91ac0000, 0x94040000, 0xa7000000)
  eden space 33280K, 100% used [0x91ac0000,0x93b40000,0x93b40000)
  from space 2560K, 99% used [0x93dc0000,0x9403e4f0,0x94040000)
  to   space 2560K, 0% used [0x93b40000,0x93b40000,0x93dc0000)
 ParOldGen       total 43776K, used 4064K [0x67000000, 0x69ac0000, 0x91ac0000)
  object space 43776K, 9% used [0x67000000,0x673f81c0,0x69ac0000)
 Metaspace       used 3744K, capacity 3782K, committed 3864K, reserved 4400K
Event: 2,904 GC heap after
Heap after GC invocations=3 (full 0):
 PSYoungGen      total 35840K, used 2549K [0x91ac0000, 0x960c0000, 0xa7000000)
  eden space 33280K, 0% used [0x91ac0000,0x91ac0000,0x93b40000)
  from space 2560K, 99% used [0x93b40000,0x93dbd778,0x93dc0000)
  to   space 2560K, 0% used [0x95e40000,0x95e40000,0x960c0000)
 ParOldGen       total 43776K, used 9098K [0x67000000, 0x69ac0000, 0x91ac0000)
  object space 43776K, 20% used [0x67000000,0x678e2a68,0x69ac0000)
 Metaspace       used 3744K, capacity 3782K, committed 3864K, reserved 4400K
}
Event: 3,524 GC heap before
{Heap before GC invocations=4 (full 0):
 PSYoungGen      total 35840K, used 35829K [0x91ac0000, 0x960c0000, 0xa7000000)
  eden space 33280K, 100% used [0x91ac0000,0x93b40000,0x93b40000)
  from space 2560K, 99% used [0x93b40000,0x93dbd778,0x93dc0000)
  to   space 2560K, 0% used [0x95e40000,0x95e40000,0x960c0000)
 ParOldGen       total 43776K, used 9098K [0x67000000, 0x69ac0000, 0x91ac0000)
  object space 43776K, 20% used [0x67000000,0x678e2a68,0x69ac0000)
 Metaspace       used 3791K, capacity 3846K, committed 3864K, reserved 4400K
Event: 3,610 GC heap after
Heap after GC invocations=4 (full 0):
 PSYoungGen      total 69120K, used 2546K [0x91ac0000, 0x960c0000, 0xa7000000)
  eden space 66560K, 0% used [0x91ac0000,0x91ac0000,0x95bc0000)
  from space 2560K, 99% used [0x95e40000,0x960bcb60,0x960c0000)
  to   space 2560K, 0% used [0x95bc0000,0x95bc0000,0x95e40000)
 ParOldGen       total 43776K, used 14568K [0x67000000, 0x69ac0000, 0x91ac0000)
  object space 43776K, 33% used [0x67000000,0x67e3a188,0x69ac0000)
 Metaspace       used 3791K, capacity 3846K, committed 3864K, reserved 4400K
}
Event: 4,820 GC heap before
{Heap before GC invocations=5 (full 0):
 PSYoungGen      total 69120K, used 69106K [0x91ac0000, 0x960c0000, 0xa7000000)
  eden space 66560K, 100% used [0x91ac0000,0x95bc0000,0x95bc0000)
  from space 2560K, 99% used [0x95e40000,0x960bcb60,0x960c0000)
  to   space 2560K, 0% used [0x95bc0000,0x95bc0000,0x95e40000)
 ParOldGen       total 43776K, used 14568K [0x67000000, 0x69ac0000, 0x91ac0000)
  object space 43776K, 33% used [0x67000000,0x67e3a188,0x69ac0000)
 Metaspace       used 3857K, capacity 3878K, committed 3992K, reserved 4400K
Event: 5,072 GC heap after
Heap after GC invocations=5 (full 0):
 PSYoungGen      total 69120K, used 2544K [0x91ac0000, 0x9b740000, 0xa7000000)
  eden space 66560K, 0% used [0x91ac0000,0x91ac0000,0x95bc0000)
  from space 2560K, 99% used [0x95bc0000,0x95e3c2e0,0x95e40000)
  to   space 13568K, 0% used [0x9aa00000,0x9aa00000,0x9b740000)
 ParOldGen       total 43776K, used 25087K [0x67000000, 0x69ac0000, 0x91ac0000)
  object space 43776K, 57% used [0x67000000,0x6887fdd0,0x69ac0000)
 Metaspace       used 3857K, capacity 3878K, committed 3992K, reserved 4400K
}
Event: 5,909 GC heap before
{Heap before GC invocations=6 (full 0):
 PSYoungGen      total 69120K, used 69104K [0x91ac0000, 0x9b740000, 0xa7000000)
  eden space 66560K, 100% used [0x91ac0000,0x95bc0000,0x95bc0000)
  from space 2560K, 99% used [0x95bc0000,0x95e3c2e0,0x95e40000)
  to   space 13568K, 0% used [0x9aa00000,0x9aa00000,0x9b740000)
 ParOldGen       total 43776K, used 25087K [0x67000000, 0x69ac0000, 0x91ac0000)
  object space 43776K, 57% used [0x67000000,0x6887fdd0,0x69ac0000)
 Metaspace       used 3957K, capacity 4006K, committed 4120K, reserved 4400K
Event: 6,072 GC heap after
Heap after GC invocations=6 (full 0):
 PSYoungGen      total 144640K, used 12858K [0x91ac0000, 0x9bb40000, 0xa7000000)
  eden space 131072K, 0% used [0x91ac0000,0x91ac0000,0x99ac0000)
  from space 13568K, 94% used [0x9aa00000,0x9b68eaa0,0x9b740000)
  to   space 15616K, 0% used [0x99ac0000,0x99ac0000,0x9aa00000)
 ParOldGen       total 43776K, used 25087K [0x67000000, 0x69ac0000, 0x91ac0000)
  object space 43776K, 57% used [0x67000000,0x6887fdd0,0x69ac0000)
 Metaspace       used 3957K, capacity 4006K, committed 4120K, reserved 4400K
}
Event: 7,518 GC heap before
{Heap before GC invocations=7 (full 0):
 PSYoungGen      total 144640K, used 143930K [0x91ac0000, 0x9bb40000, 0xa7000000)
  eden space 131072K, 100% used [0x91ac0000,0x99ac0000,0x99ac0000)
  from space 13568K, 94% used [0x9aa00000,0x9b68eaa0,0x9b740000)
  to   space 15616K, 0% used [0x99ac0000,0x99ac0000,0x9aa00000)
 ParOldGen       total 43776K, used 25087K [0x67000000, 0x69ac0000, 0x91ac0000)
  object space 43776K, 57% used [0x67000000,0x6887fdd0,0x69ac0000)
 Metaspace       used 4089K, capacity 4134K, committed 4248K, reserved 4400K

